Info: Starting: Create block symbol file (.bsf)
Info: ip-generate --project-directory=/home/greblus/fpga_fun/nios2_cpu/ --output-directory=/home/greblus/fpga_fun/nios2_cpu/nios1/ --report-file=bsf:/home/greblus/fpga_fun/nios2_cpu/nios1.bsf --system-info=DEVICE_FAMILY="Cyclone IV E" --system-info=DEVICE=EP4CE6E22C8 --system-info=DEVICE_SPEEDGRADE=8 --component-file=/home/greblus/fpga_fun/nios2_cpu/nios1.qsys
Progress: Loading nios2_cpu/nios1.qsys
Progress: Reading input file
Progress: Adding clk_0 [clock_source 13.1]
Progress: Parameterizing module clk_0
Progress: Adding nios2_qsys_0 [altera_nios2_qsys 13.1]
Progress: Parameterizing module nios2_qsys_0
Progress: Adding onchip_memory2_0 [altera_avalon_onchip_memory2 13.1]
Progress: Parameterizing module onchip_memory2_0
Progress: Adding jtag_uart_0 [altera_avalon_jtag_uart 13.1]
Progress: Parameterizing module jtag_uart_0
Progress: Adding sysid_qsys_0 [altera_avalon_sysid_qsys 13.1]
Progress: Parameterizing module sysid_qsys_0
Progress: Building connections
Progress: Parameterizing connections
Progress: Validating
Progress: Done reading input file
Info: nios1.sysid_qsys_0: System ID is not assigned automatically. Edit the System ID parameter to provide a unique ID
Info: nios1.sysid_qsys_0: Time stamp will be automatically updated when this component is generated.
Info: ip-generate succeeded.
Info: Finished: Create block symbol file (.bsf)
Info: 
Info: Starting: Create HDL design files for synthesis
Info: ip-generate --project-directory=/home/greblus/fpga_fun/nios2_cpu/ --output-directory=/home/greblus/fpga_fun/nios2_cpu/nios1/synthesis/ --file-set=QUARTUS_SYNTH --report-file=html:/home/greblus/fpga_fun/nios2_cpu/nios1.html --report-file=sopcinfo:/home/greblus/fpga_fun/nios2_cpu/nios1.sopcinfo --report-file=cmp:/home/greblus/fpga_fun/nios2_cpu/nios1.cmp --report-file=qip:/home/greblus/fpga_fun/nios2_cpu/nios1/synthesis/nios1.qip --report-file=svd --report-file=regmap:/home/greblus/fpga_fun/nios2_cpu/nios1/synthesis/nios1.regmap --report-file=debuginfo:/home/greblus/fpga_fun/nios2_cpu/nios1/synthesis/nios1.debuginfo --system-info=DEVICE_FAMILY="Cyclone IV E" --system-info=DEVICE=EP4CE6E22C8 --system-info=DEVICE_SPEEDGRADE=8 --component-file=/home/greblus/fpga_fun/nios2_cpu/nios1.qsys --language=VERILOG
Progress: Loading nios2_cpu/nios1.qsys
Progress: Reading input file
Progress: Adding clk_0 [clock_source 13.1]
Progress: Parameterizing module clk_0
Progress: Adding nios2_qsys_0 [altera_nios2_qsys 13.1]
Progress: Parameterizing module nios2_qsys_0
Progress: Adding onchip_memory2_0 [altera_avalon_onchip_memory2 13.1]
Progress: Parameterizing module onchip_memory2_0
Progress: Adding jtag_uart_0 [altera_avalon_jtag_uart 13.1]
Progress: Parameterizing module jtag_uart_0
Progress: Adding sysid_qsys_0 [altera_avalon_sysid_qsys 13.1]
Progress: Parameterizing module sysid_qsys_0
Progress: Building connections
Progress: Parameterizing connections
Progress: Validating
Progress: Done reading input file
Info: nios1.sysid_qsys_0: System ID is not assigned automatically. Edit the System ID parameter to provide a unique ID
Info: nios1.sysid_qsys_0: Time stamp will be automatically updated when this component is generated.
Info: nios1: Generating nios1 "nios1" for QUARTUS_SYNTH
Info: pipeline_bridge_swap_transform: After transform: 5 modules, 19 connections
Info: No custom instruction connections, skipping transform 
Info: merlin_initial_interconnect_transform: After transform: 5 modules, 18 connections
Info: merlin_translator_transform: After transform: 11 modules, 42 connections
Info: merlin_domain_transform: After transform: 22 modules, 114 connections
Info: merlin_router_transform: After transform: 28 modules, 138 connections
Info: merlin_burst_transform: After transform: 29 modules, 142 connections
Info: merlin_network_to_switch_transform: After transform: 40 modules, 172 connections
Info: merlin_width_transform: After transform: 42 modules, 180 connections
Info: merlin_clock_and_reset_bridge_transform: After transform: 44 modules, 223 connections
Info: merlin_hierarchy_transform: After transform: 6 modules, 22 connections
Info: merlin_mm_transform: After transform: 6 modules, 22 connections
Info: merlin_interrupt_mapper_transform: After transform: 7 modules, 26 connections
Info: reset_adaptation_transform: After transform: 9 modules, 28 connections
Info: nios2_qsys_0: Starting RTL generation for module 'nios1_nios2_qsys_0'
Info: nios2_qsys_0:   Generation command is [exec /home/greblus/altera/13.1/quartus/linux/eperlcmd -I /home/greblus/altera/13.1/quartus/linux/perl/lib -I /home/greblus/altera/13.1/quartus/sopc_builder/bin/europa -I /home/greblus/altera/13.1/quartus/sopc_builder/bin/perl_lib -I /home/greblus/altera/13.1/quartus/sopc_builder/bin -I /home/greblus/altera/13.1/quartus/../ip/altera/nios2_ip/altera_nios2/cpu_lib -I /home/greblus/altera/13.1/quartus/../ip/altera/nios2_ip/altera_nios2/nios_lib -I /home/greblus/altera/13.1/quartus/../ip/altera/nios2_ip/altera_nios2 -I /home/greblus/altera/13.1/quartus/../ip/altera/nios2_ip/altera_nios2 -- /home/greblus/altera/13.1/quartus/../ip/altera/nios2_ip/altera_nios2/generate_rtl.epl --name=nios1_nios2_qsys_0 --dir=/tmp/alt7287_4644479624565355382.dir/0025_nios2_qsys_0_gen/ --quartus_dir=/home/greblus/altera/13.1/quartus --verilog --config=/tmp/alt7287_4644479624565355382.dir/0025_nios2_qsys_0_gen//nios1_nios2_qsys_0_processor_configuration.pl  --do_build_sim=0  ]
Info: nios2_qsys_0: # 2017.05.02 01:15:27 (*) Starting Nios II generation
Info: nios2_qsys_0: # 2017.05.02 01:15:27 (*)   Checking for plaintext license.
Info: nios2_qsys_0: # 2017.05.02 01:15:29 (*)   Couldn't query license setup in Quartus directory /home/greblus/altera/13.1/quartus
Info: nios2_qsys_0: # 2017.05.02 01:15:29 (*)   Defaulting to contents of LM_LICENSE_FILE environment variable
Info: nios2_qsys_0: # 2017.05.02 01:15:29 (*)   LM_LICENSE_FILE environment variable is empty
Info: nios2_qsys_0: # 2017.05.02 01:15:29 (*)   Plaintext license not found.
Info: nios2_qsys_0: # 2017.05.02 01:15:29 (*)   No license required to generate encrypted Nios II/e.
Info: nios2_qsys_0: # 2017.05.02 01:15:29 (*)   Elaborating CPU configuration settings
Info: nios2_qsys_0: # 2017.05.02 01:15:29 (*)   Creating all objects for CPU
Info: nios2_qsys_0: # 2017.05.02 01:15:31 (*)   Generating RTL from CPU objects
Info: nios2_qsys_0: # 2017.05.02 01:15:31 (*)   Creating plain-text RTL
Info: nios2_qsys_0: # 2017.05.02 01:15:34 (*) Done Nios II generation
Info: nios2_qsys_0: Done RTL generation for module 'nios1_nios2_qsys_0'
Info: nios2_qsys_0: "nios1" instantiated altera_nios2_qsys "nios2_qsys_0"
Info: onchip_memory2_0: Starting RTL generation for module 'nios1_onchip_memory2_0'
Info: onchip_memory2_0:   Generation command is [exec /home/greblus/altera/13.1/quartus/linux/perl/bin/perl -I /home/greblus/altera/13.1/quartus/linux/perl/lib -I /home/greblus/altera/13.1/quartus/sopc_builder/bin/europa -I /home/greblus/altera/13.1/quartus/sopc_builder/bin/perl_lib -I /home/greblus/altera/13.1/quartus/sopc_builder/bin -I /home/greblus/altera/13.1/quartus/../ip/altera/sopc_builder_ip/common -I /home/greblus/altera/13.1/quartus/../ip/altera/sopc_builder_ip/altera_avalon_onchip_memory2 -- /home/greblus/altera/13.1/quartus/../ip/altera/sopc_builder_ip/altera_avalon_onchip_memory2/generate_rtl.pl --name=nios1_onchip_memory2_0 --dir=/tmp/alt7287_4644479624565355382.dir/0026_onchip_memory2_0_gen/ --quartus_dir=/home/greblus/altera/13.1/quartus --verilog --config=/tmp/alt7287_4644479624565355382.dir/0026_onchip_memory2_0_gen//nios1_onchip_memory2_0_component_configuration.pl  --do_build_sim=0  ]
Info: onchip_memory2_0: Done RTL generation for module 'nios1_onchip_memory2_0'
Info: onchip_memory2_0: "nios1" instantiated altera_avalon_onchip_memory2 "onchip_memory2_0"
Info: jtag_uart_0: Starting RTL generation for module 'nios1_jtag_uart_0'
Info: jtag_uart_0:   Generation command is [exec /home/greblus/altera/13.1/quartus/linux/perl/bin/perl -I /home/greblus/altera/13.1/quartus/linux/perl/lib -I /home/greblus/altera/13.1/quartus/sopc_builder/bin/europa -I /home/greblus/altera/13.1/quartus/sopc_builder/bin/perl_lib -I /home/greblus/altera/13.1/quartus/sopc_builder/bin -I /home/greblus/altera/13.1/quartus/../ip/altera/sopc_builder_ip/common -I /home/greblus/altera/13.1/quartus/../ip/altera/sopc_builder_ip/altera_avalon_jtag_uart -- /home/greblus/altera/13.1/quartus/../ip/altera/sopc_builder_ip/altera_avalon_jtag_uart/generate_rtl.pl --name=nios1_jtag_uart_0 --dir=/tmp/alt7287_4644479624565355382.dir/0027_jtag_uart_0_gen/ --quartus_dir=/home/greblus/altera/13.1/quartus --verilog --config=/tmp/alt7287_4644479624565355382.dir/0027_jtag_uart_0_gen//nios1_jtag_uart_0_component_configuration.pl  --do_build_sim=0  ]
Info: jtag_uart_0: Done RTL generation for module 'nios1_jtag_uart_0'
Info: jtag_uart_0: "nios1" instantiated altera_avalon_jtag_uart "jtag_uart_0"
Info: sysid_qsys_0: "nios1" instantiated altera_avalon_sysid_qsys "sysid_qsys_0"
Info: pipeline_bridge_swap_transform: After transform: 39 modules, 126 connections
Info: No custom instruction connections, skipping transform 
Info: merlin_initial_interconnect_transform: After transform: 0 modules, 0 connections
Info: No Avalon connections, skipping transform 
Info: merlin_hierarchy_transform: After transform: 39 modules, 126 connections
Info: merlin_initial_interconnect_transform: After transform: 0 modules, 0 connections
Info: No Avalon connections, skipping transform 
Info: merlin_hierarchy_transform: After transform: 39 modules, 126 connections
Info: merlin_initial_interconnect_transform: After transform: 0 modules, 0 connections
Info: No Avalon connections, skipping transform 
Info: merlin_hierarchy_transform: After transform: 39 modules, 126 connections
Info: merlin_initial_interconnect_transform: After transform: 0 modules, 0 connections
Info: No Avalon connections, skipping transform 
Info: merlin_hierarchy_transform: After transform: 39 modules, 126 connections
Info: merlin_initial_interconnect_transform: After transform: 0 modules, 0 connections
Info: No Avalon connections, skipping transform 
Info: merlin_hierarchy_transform: After transform: 39 modules, 126 connections
Info: merlin_initial_interconnect_transform: After transform: 0 modules, 0 connections
Info: No Avalon connections, skipping transform 
Info: merlin_hierarchy_transform: After transform: 39 modules, 126 connections
Info: mm_interconnect_0: "nios1" instantiated altera_merlin_interconnect_wrapper "mm_interconnect_0"
Info: irq_mapper: "nios1" instantiated altera_irq_mapper "irq_mapper"
Info: rst_controller: "nios1" instantiated altera_reset_controller "rst_controller"
Info: nios2_qsys_0_instruction_master_translator: "mm_interconnect_0" instantiated altera_merlin_master_translator "nios2_qsys_0_instruction_master_translator"
Info: nios2_qsys_0_jtag_debug_module_translator: "mm_interconnect_0" instantiated altera_merlin_slave_translator "nios2_qsys_0_jtag_debug_module_translator"
Info: nios2_qsys_0_instruction_master_translator_avalon_universal_master_0_agent: "mm_interconnect_0" instantiated altera_merlin_master_agent "nios2_qsys_0_instruction_master_translator_avalon_universal_master_0_agent"
Info: nios2_qsys_0_jtag_debug_module_translator_avalon_universal_slave_0_agent: "mm_interconnect_0" instantiated altera_merlin_slave_agent "nios2_qsys_0_jtag_debug_module_translator_avalon_universal_slave_0_agent"
Info: nios2_qsys_0_jtag_debug_module_translator_avalon_universal_slave_0_agent_rsp_fifo: "mm_interconnect_0" instantiated altera_avalon_sc_fifo "nios2_qsys_0_jtag_debug_module_translator_avalon_universal_slave_0_agent_rsp_fifo"
Info: addr_router: "mm_interconnect_0" instantiated altera_merlin_router "addr_router"
Info: addr_router_001: "mm_interconnect_0" instantiated altera_merlin_router "addr_router_001"
Info: id_router: "mm_interconnect_0" instantiated altera_merlin_router "id_router"
Info: id_router_001: "mm_interconnect_0" instantiated altera_merlin_router "id_router_001"
Info: id_router_002: "mm_interconnect_0" instantiated altera_merlin_router "id_router_002"
Info: burst_adapter: "mm_interconnect_0" instantiated altera_merlin_burst_adapter "burst_adapter"
Info: cmd_xbar_demux: "mm_interconnect_0" instantiated altera_merlin_demultiplexer "cmd_xbar_demux"
Info: cmd_xbar_demux_001: "mm_interconnect_0" instantiated altera_merlin_demultiplexer "cmd_xbar_demux_001"
Info: cmd_xbar_mux: "mm_interconnect_0" instantiated altera_merlin_multiplexer "cmd_xbar_mux"
Info: cmd_xbar_mux_002: "mm_interconnect_0" instantiated altera_merlin_multiplexer "cmd_xbar_mux_002"
Info: Reusing file /home/greblus/fpga_fun/nios2_cpu/nios1/synthesis/submodules/altera_merlin_arbitrator.sv
Info: rsp_xbar_demux_002: "mm_interconnect_0" instantiated altera_merlin_demultiplexer "rsp_xbar_demux_002"
Info: rsp_xbar_mux: "mm_interconnect_0" instantiated altera_merlin_multiplexer "rsp_xbar_mux"
Info: Reusing file /home/greblus/fpga_fun/nios2_cpu/nios1/synthesis/submodules/altera_merlin_arbitrator.sv
Info: rsp_xbar_mux_001: "mm_interconnect_0" instantiated altera_merlin_multiplexer "rsp_xbar_mux_001"
Info: Reusing file /home/greblus/fpga_fun/nios2_cpu/nios1/synthesis/submodules/altera_merlin_arbitrator.sv
Info: width_adapter: "mm_interconnect_0" instantiated altera_merlin_width_adapter "width_adapter"
Info: Reusing file /home/greblus/fpga_fun/nios2_cpu/nios1/synthesis/submodules/altera_merlin_address_alignment.sv
Info: Reusing file /home/greblus/fpga_fun/nios2_cpu/nios1/synthesis/submodules/altera_merlin_burst_uncompressor.sv
Info: nios1: Done "nios1" with 27 modules, 42 files, 947963 bytes
Info: ip-generate succeeded.
Info: Finished: Create HDL design files for synthesis
