Flow report for proj_nios2e
Tue May  2 02:48:04 2017
Quartus II 64-Bit Version 13.1.0 Build 162 10/23/2013 SJ Web Edition


---------------------
; Table of Contents ;
---------------------
  1. Legal Notice
  2. Flow Summary
  3. Flow Settings
  4. Flow Non-Default Global Settings
  5. Flow Elapsed Time
  6. Flow OS Summary
  7. Flow Log
  8. Flow Messages
  9. Flow Suppressed Messages



----------------
; Legal Notice ;
----------------
Copyright (C) 1991-2013 Altera Corporation
Your use of Altera Corporation's design tools, logic functions 
and other software and tools, and its AMPP partner logic 
functions, and any output files from any of the foregoing 
(including device programming or simulation files), and any 
associated documentation or information are expressly subject 
to the terms and conditions of the Altera Program License 
Subscription Agreement, Altera MegaCore Function License 
Agreement, or other applicable license agreement, including, 
without limitation, that your use is for the sole purpose of 
programming logic devices manufactured by Altera and sold by 
Altera or its authorized distributors.  Please refer to the 
applicable agreement for further details.



+---------------------------------------------------------------------------------+
; Flow Summary                                                                    ;
+------------------------------------+--------------------------------------------+
; Flow Status                        ; Successful - Tue May  2 02:47:52 2017      ;
; Quartus II 64-Bit Version          ; 13.1.0 Build 162 10/23/2013 SJ Web Edition ;
; Revision Name                      ; proj_nios2e                                ;
; Top-level Entity Name              ; proj_nios2e                                ;
; Family                             ; Cyclone IV E                               ;
; Device                             ; EP4CE6E22C8                                ;
; Timing Models                      ; Final                                      ;
; Total logic elements               ; 1,556 / 6,272 ( 25 % )                     ;
;     Total combinational functions  ; 1,463 / 6,272 ( 23 % )                     ;
;     Dedicated logic registers      ; 872 / 6,272 ( 14 % )                       ;
; Total registers                    ; 872                                        ;
; Total pins                         ; 1 / 92 ( 1 % )                             ;
; Total virtual pins                 ; 0                                          ;
; Total memory bits                  ; 44,032 / 276,480 ( 16 % )                  ;
; Embedded Multiplier 9-bit elements ; 0 / 30 ( 0 % )                             ;
; Total PLLs                         ; 0 / 2 ( 0 % )                              ;
+------------------------------------+--------------------------------------------+


+-----------------------------------------+
; Flow Settings                           ;
+-------------------+---------------------+
; Option            ; Setting             ;
+-------------------+---------------------+
; Start date & time ; 05/02/2017 02:47:05 ;
; Main task         ; Compilation         ;
; Revision Name     ; proj_nios2e         ;
+-------------------+---------------------+


+-----------------------------------------------------------------------------------------------------------------------------------------------------------------------------+
; Flow Non-Default Global Settings                                                                                                                                            ;
+-------------------------------------+-----------------------------------------------------------+---------------+----------------------------------------------+------------+
; Assignment Name                     ; Value                                                     ; Default Value ; Entity Name                                  ; Section Id ;
+-------------------------------------+-----------------------------------------------------------+---------------+----------------------------------------------+------------+
; COMPILER_SIGNATURE_ID               ; 0.149368602513057                                         ; --            ; --                                           ; --         ;
; IP_TOOL_ENV                         ; Qsys                                                      ; --            ; altera_avalon_sc_fifo                        ; --         ;
; IP_TOOL_ENV                         ; Qsys                                                      ; --            ; altera_merlin_master_agent                   ; --         ;
; IP_TOOL_ENV                         ; Qsys                                                      ; --            ; altera_merlin_master_translator              ; --         ;
; IP_TOOL_ENV                         ; Qsys                                                      ; --            ; altera_merlin_slave_agent                    ; --         ;
; IP_TOOL_ENV                         ; Qsys                                                      ; --            ; altera_merlin_slave_translator               ; --         ;
; IP_TOOL_ENV                         ; Qsys                                                      ; --            ; altera_reset_controller                      ; --         ;
; IP_TOOL_ENV                         ; Qsys                                                      ; --            ; minimal                                      ; --         ;
; IP_TOOL_ENV                         ; Qsys                                                      ; --            ; minimal_irq_mapper                           ; --         ;
; IP_TOOL_ENV                         ; Qsys                                                      ; --            ; minimal_jtag_uart_0                          ; --         ;
; IP_TOOL_ENV                         ; Qsys                                                      ; --            ; minimal_mm_interconnect_0                    ; --         ;
; IP_TOOL_ENV                         ; Qsys                                                      ; --            ; minimal_mm_interconnect_0_addr_router        ; --         ;
; IP_TOOL_ENV                         ; Qsys                                                      ; --            ; minimal_mm_interconnect_0_addr_router_001    ; --         ;
; IP_TOOL_ENV                         ; Qsys                                                      ; --            ; minimal_mm_interconnect_0_cmd_xbar_demux     ; --         ;
; IP_TOOL_ENV                         ; Qsys                                                      ; --            ; minimal_mm_interconnect_0_cmd_xbar_demux_001 ; --         ;
; IP_TOOL_ENV                         ; Qsys                                                      ; --            ; minimal_mm_interconnect_0_cmd_xbar_mux       ; --         ;
; IP_TOOL_ENV                         ; Qsys                                                      ; --            ; minimal_mm_interconnect_0_cmd_xbar_mux_002   ; --         ;
; IP_TOOL_ENV                         ; Qsys                                                      ; --            ; minimal_mm_interconnect_0_id_router          ; --         ;
; IP_TOOL_ENV                         ; Qsys                                                      ; --            ; minimal_mm_interconnect_0_id_router_002      ; --         ;
; IP_TOOL_ENV                         ; Qsys                                                      ; --            ; minimal_mm_interconnect_0_rsp_xbar_demux_002 ; --         ;
; IP_TOOL_ENV                         ; Qsys                                                      ; --            ; minimal_mm_interconnect_0_rsp_xbar_mux       ; --         ;
; IP_TOOL_ENV                         ; Qsys                                                      ; --            ; minimal_mm_interconnect_0_rsp_xbar_mux_001   ; --         ;
; IP_TOOL_ENV                         ; Qsys                                                      ; --            ; minimal_nios2_qsys_0                         ; --         ;
; IP_TOOL_ENV                         ; Qsys                                                      ; --            ; minimal_onchip_memory2_0                     ; --         ;
; IP_TOOL_NAME                        ; altera_avalon_sc_fifo                                     ; --            ; altera_avalon_sc_fifo                        ; --         ;
; IP_TOOL_NAME                        ; altera_merlin_master_agent                                ; --            ; altera_merlin_master_agent                   ; --         ;
; IP_TOOL_NAME                        ; altera_merlin_master_translator                           ; --            ; altera_merlin_master_translator              ; --         ;
; IP_TOOL_NAME                        ; altera_merlin_slave_agent                                 ; --            ; altera_merlin_slave_agent                    ; --         ;
; IP_TOOL_NAME                        ; altera_merlin_slave_translator                            ; --            ; altera_merlin_slave_translator               ; --         ;
; IP_TOOL_NAME                        ; altera_reset_controller                                   ; --            ; altera_reset_controller                      ; --         ;
; IP_TOOL_NAME                        ; Qsys                                                      ; --            ; minimal                                      ; --         ;
; IP_TOOL_NAME                        ; altera_irq_mapper                                         ; --            ; minimal_irq_mapper                           ; --         ;
; IP_TOOL_NAME                        ; altera_avalon_jtag_uart                                   ; --            ; minimal_jtag_uart_0                          ; --         ;
; IP_TOOL_NAME                        ; altera_merlin_interconnect_wrapper                        ; --            ; minimal_mm_interconnect_0                    ; --         ;
; IP_TOOL_NAME                        ; altera_merlin_router                                      ; --            ; minimal_mm_interconnect_0_addr_router        ; --         ;
; IP_TOOL_NAME                        ; altera_merlin_router                                      ; --            ; minimal_mm_interconnect_0_addr_router_001    ; --         ;
; IP_TOOL_NAME                        ; altera_merlin_demultiplexer                               ; --            ; minimal_mm_interconnect_0_cmd_xbar_demux     ; --         ;
; IP_TOOL_NAME                        ; altera_merlin_demultiplexer                               ; --            ; minimal_mm_interconnect_0_cmd_xbar_demux_001 ; --         ;
; IP_TOOL_NAME                        ; altera_merlin_multiplexer                                 ; --            ; minimal_mm_interconnect_0_cmd_xbar_mux       ; --         ;
; IP_TOOL_NAME                        ; altera_merlin_multiplexer                                 ; --            ; minimal_mm_interconnect_0_cmd_xbar_mux_002   ; --         ;
; IP_TOOL_NAME                        ; altera_merlin_router                                      ; --            ; minimal_mm_interconnect_0_id_router          ; --         ;
; IP_TOOL_NAME                        ; altera_merlin_router                                      ; --            ; minimal_mm_interconnect_0_id_router_002      ; --         ;
; IP_TOOL_NAME                        ; altera_merlin_demultiplexer                               ; --            ; minimal_mm_interconnect_0_rsp_xbar_demux_002 ; --         ;
; IP_TOOL_NAME                        ; altera_merlin_multiplexer                                 ; --            ; minimal_mm_interconnect_0_rsp_xbar_mux       ; --         ;
; IP_TOOL_NAME                        ; altera_merlin_multiplexer                                 ; --            ; minimal_mm_interconnect_0_rsp_xbar_mux_001   ; --         ;
; IP_TOOL_NAME                        ; altera_nios2_qsys                                         ; --            ; minimal_nios2_qsys_0                         ; --         ;
; IP_TOOL_NAME                        ; altera_avalon_onchip_memory2                              ; --            ; minimal_onchip_memory2_0                     ; --         ;
; IP_TOOL_VERSION                     ; 13.1                                                      ; --            ; altera_avalon_sc_fifo                        ; --         ;
; IP_TOOL_VERSION                     ; 13.1                                                      ; --            ; altera_merlin_master_agent                   ; --         ;
; IP_TOOL_VERSION                     ; 13.1                                                      ; --            ; altera_merlin_master_translator              ; --         ;
; IP_TOOL_VERSION                     ; 13.1                                                      ; --            ; altera_merlin_slave_agent                    ; --         ;
; IP_TOOL_VERSION                     ; 13.1                                                      ; --            ; altera_merlin_slave_translator               ; --         ;
; IP_TOOL_VERSION                     ; 13.1                                                      ; --            ; altera_reset_controller                      ; --         ;
; IP_TOOL_VERSION                     ; 13.1                                                      ; --            ; minimal                                      ; --         ;
; IP_TOOL_VERSION                     ; 13.1                                                      ; --            ; minimal_irq_mapper                           ; --         ;
; IP_TOOL_VERSION                     ; 13.1                                                      ; --            ; minimal_jtag_uart_0                          ; --         ;
; IP_TOOL_VERSION                     ; 13.1                                                      ; --            ; minimal_mm_interconnect_0                    ; --         ;
; IP_TOOL_VERSION                     ; 13.1                                                      ; --            ; minimal_mm_interconnect_0_addr_router        ; --         ;
; IP_TOOL_VERSION                     ; 13.1                                                      ; --            ; minimal_mm_interconnect_0_addr_router_001    ; --         ;
; IP_TOOL_VERSION                     ; 13.1                                                      ; --            ; minimal_mm_interconnect_0_cmd_xbar_demux     ; --         ;
; IP_TOOL_VERSION                     ; 13.1                                                      ; --            ; minimal_mm_interconnect_0_cmd_xbar_demux_001 ; --         ;
; IP_TOOL_VERSION                     ; 13.1                                                      ; --            ; minimal_mm_interconnect_0_cmd_xbar_mux       ; --         ;
; IP_TOOL_VERSION                     ; 13.1                                                      ; --            ; minimal_mm_interconnect_0_cmd_xbar_mux_002   ; --         ;
; IP_TOOL_VERSION                     ; 13.1                                                      ; --            ; minimal_mm_interconnect_0_id_router          ; --         ;
; IP_TOOL_VERSION                     ; 13.1                                                      ; --            ; minimal_mm_interconnect_0_id_router_002      ; --         ;
; IP_TOOL_VERSION                     ; 13.1                                                      ; --            ; minimal_mm_interconnect_0_rsp_xbar_demux_002 ; --         ;
; IP_TOOL_VERSION                     ; 13.1                                                      ; --            ; minimal_mm_interconnect_0_rsp_xbar_mux       ; --         ;
; IP_TOOL_VERSION                     ; 13.1                                                      ; --            ; minimal_mm_interconnect_0_rsp_xbar_mux_001   ; --         ;
; IP_TOOL_VERSION                     ; 13.1                                                      ; --            ; minimal_nios2_qsys_0                         ; --         ;
; IP_TOOL_VERSION                     ; 13.1                                                      ; --            ; minimal_onchip_memory2_0                     ; --         ;
; MAX_CORE_JUNCTION_TEMP              ; 85                                                        ; --            ; --                                           ; --         ;
; MIN_CORE_JUNCTION_TEMP              ; 0                                                         ; --            ; --                                           ; --         ;
; MISC_FILE                           ; minimal/synthesis/../../minimal.cmp                       ; --            ; --                                           ; --         ;
; MISC_FILE                           ; minimal/synthesis/../../minimal.qsys                      ; --            ; --                                           ; --         ;
; NOMINAL_CORE_SUPPLY_VOLTAGE         ; 1.2V                                                      ; --            ; --                                           ; --         ;
; PARTITION_COLOR                     ; 16764057                                                  ; --            ; --                                           ; Top        ;
; PARTITION_FITTER_PRESERVATION_LEVEL ; PLACEMENT_AND_ROUTING                                     ; --            ; --                                           ; Top        ;
; PARTITION_NETLIST_TYPE              ; SOURCE                                                    ; --            ; --                                           ; Top        ;
; POWER_BOARD_THERMAL_MODEL           ; None (CONSERVATIVE)                                       ; --            ; --                                           ; --         ;
; POWER_PRESET_COOLING_SOLUTION       ; 23 MM HEAT SINK WITH 200 LFPM AIRFLOW                     ; --            ; --                                           ; --         ;
; PROJECT_OUTPUT_DIRECTORY            ; output_files                                              ; --            ; --                                           ; --         ;
; SLD_FILE                            ; minimal/synthesis/minimal.regmap                          ; --            ; --                                           ; --         ;
; SLD_FILE                            ; minimal/synthesis/minimal.debuginfo                       ; --            ; --                                           ; --         ;
; SLD_INFO                            ; QSYS_NAME minimal HAS_SOPCINFO 1 GENERATION_ID 1493685697 ; --            ; minimal                                      ; --         ;
; SOPCINFO_FILE                       ; minimal/synthesis/../../minimal.sopcinfo                  ; --            ; --                                           ; --         ;
; SYNTHESIS_ONLY_QIP                  ; On                                                        ; --            ; --                                           ; --         ;
+-------------------------------------+-----------------------------------------------------------+---------------+----------------------------------------------+------------+


+-------------------------------------------------------------------------------------------------------------------------------+
; Flow Elapsed Time                                                                                                             ;
+---------------------------+--------------+-------------------------+---------------------+------------------------------------+
; Module Name               ; Elapsed Time ; Average Processors Used ; Peak Virtual Memory ; Total CPU Time (on all processors) ;
+---------------------------+--------------+-------------------------+---------------------+------------------------------------+
; Analysis & Synthesis      ; 00:00:13     ; 1.0                     ; 773 MB              ; 00:00:13                           ;
; Fitter                    ; 00:00:17     ; 1.2                     ; 1006 MB             ; 00:00:18                           ;
; Assembler                 ; 00:00:02     ; 1.0                     ; 624 MB              ; 00:00:02                           ;
; TimeQuest Timing Analyzer ; 00:00:05     ; 1.3                     ; 694 MB              ; 00:00:05                           ;
; Total                     ; 00:00:37     ; --                      ; --                  ; 00:00:38                           ;
+---------------------------+--------------+-------------------------+---------------------+------------------------------------+


+-----------------------------------------------------------------------------------------+
; Flow OS Summary                                                                         ;
+---------------------------+------------------+------------+------------+----------------+
; Module Name               ; Machine Hostname ; OS Name    ; OS Version ; Processor type ;
+---------------------------+------------------+------------+------------+----------------+
; Analysis & Synthesis      ; wiki-laptop      ; Arch Linux ; Arch Linux ; x86_64         ;
; Fitter                    ; wiki-laptop      ; Arch Linux ; Arch Linux ; x86_64         ;
; Assembler                 ; wiki-laptop      ; Arch Linux ; Arch Linux ; x86_64         ;
; TimeQuest Timing Analyzer ; wiki-laptop      ; Arch Linux ; Arch Linux ; x86_64         ;
+---------------------------+------------------+------------+------------+----------------+


------------
; Flow Log ;
------------
quartus_map --read_settings_files=on --write_settings_files=off proj_nios2e -c proj_nios2e
quartus_fit --read_settings_files=off --write_settings_files=off proj_nios2e -c proj_nios2e
quartus_asm --read_settings_files=off --write_settings_files=off proj_nios2e -c proj_nios2e
quartus_sta proj_nios2e -c proj_nios2e



